<?xml version="1.0" encoding="UTF-8"?>
<!-- Generated by org.testng.reporters.JUnitXMLReporter -->
<testsuite ignored="0" hostname="ITINNOH-DW0095" failures="22" tests="32" name="Test" time="63.452" errors="0" timestamp="2024-07-23T11:34:33 EET">
  <testcase classname="com.dwp.qa.test.LoginPageTest" name="Clear" time="0.006">
    <failure type="java.lang.NullPointerException" message="Cannot invoke &amp;quot;org.openqa.selenium.SearchContext.findElement(org.openqa.selenium.By)&amp;quot; because &amp;quot;this.searchContext&amp;quot; is null">
      <![CDATA[java.lang.NullPointerException: Cannot invoke "org.openqa.selenium.SearchContext.findElement(org.openqa.selenium.By)" because "this.searchContext" is null
at org.openqa.selenium.support.pagefactory.DefaultElementLocator.findElement(DefaultElementLocator.java:68)
at org.openqa.selenium.support.pagefactory.internal.LocatingElementHandler.invoke(LocatingElementHandler.java:38)
at jdk.proxy2/jdk.proxy2.$Proxy13.sendKeys(Unknown Source)
at com.dwp.qa.pages.RequiredScreen.clearResults(RequiredScreen.java:368)
at com.dwp.qa.test.LoginPageTest.Clear(LoginPageTest.java:143)
at java.base/java.util.ArrayList.forEach(ArrayList.java:1511)
... Removed 27 stack frames]]>
    </failure>
  </testcase> <!-- Clear -->
  <testcase classname="com.dwp.qa.test.LoginPageTest" name="HFB" time="0.004">
    <failure type="java.lang.NullPointerException" message="Cannot invoke &amp;quot;org.openqa.selenium.WebDriver.manage()&amp;quot; because &amp;quot;this.driver&amp;quot; is null">
      <![CDATA[java.lang.NullPointerException: Cannot invoke "org.openqa.selenium.WebDriver.manage()" because "this.driver" is null
at com.dwp.qa.test.LoginPageTest.HFB(LoginPageTest.java:112)
at java.base/java.util.ArrayList.forEach(ArrayList.java:1511)
... Removed 27 stack frames]]>
    </failure>
  </testcase> <!-- HFB -->
  <testcase classname="com.dwp.qa.test.LoginPageTest" name="PRU" time="0.003"/>
  <testcase classname="com.dwp.qa.test.LoginPageTest" name="contextMenu" time="0.003">
    <failure type="java.lang.NullPointerException" message="Cannot invoke &amp;quot;org.openqa.selenium.SearchContext.findElement(org.openqa.selenium.By)&amp;quot; because &amp;quot;this.searchContext&amp;quot; is null">
      <![CDATA[java.lang.NullPointerException: Cannot invoke "org.openqa.selenium.SearchContext.findElement(org.openqa.selenium.By)" because "this.searchContext" is null
at org.openqa.selenium.support.pagefactory.DefaultElementLocator.findElement(DefaultElementLocator.java:68)
at org.openqa.selenium.support.pagefactory.internal.LocatingElementHandler.invoke(LocatingElementHandler.java:38)
at jdk.proxy2/jdk.proxy2.$Proxy13.sendKeys(Unknown Source)
at com.dwp.qa.pages.SearchContextMenu.openContextMenu(SearchContextMenu.java:117)
at com.dwp.qa.test.LoginPageTest.contextMenu(LoginPageTest.java:149)
at java.base/java.util.ArrayList.forEach(ArrayList.java:1511)
... Removed 27 stack frames]]>
    </failure>
  </testcase> <!-- contextMenu -->
  <testcase classname="com.dwp.qa.test.LoginPageTest" name="copyNewDWP" time="0.005">
    <failure type="java.lang.NullPointerException" message="Cannot invoke &amp;quot;org.openqa.selenium.SearchContext.findElement(org.openqa.selenium.By)&amp;quot; because &amp;quot;this.searchContext&amp;quot; is null">
      <![CDATA[java.lang.NullPointerException: Cannot invoke "org.openqa.selenium.SearchContext.findElement(org.openqa.selenium.By)" because "this.searchContext" is null
at org.openqa.selenium.support.pagefactory.DefaultElementLocator.findElement(DefaultElementLocator.java:68)
at org.openqa.selenium.support.pagefactory.internal.LocatingElementHandler.invoke(LocatingElementHandler.java:38)
at jdk.proxy2/jdk.proxy2.$Proxy13.sendKeys(Unknown Source)
at com.dwp.qa.pages.SearchContextMenu.openCopyNewDWP(SearchContextMenu.java:132)
at com.dwp.qa.test.LoginPageTest.copyNewDWP(LoginPageTest.java:191)
at java.base/java.util.ArrayList.forEach(ArrayList.java:1511)
... Removed 27 stack frames]]>
    </failure>
  </testcase> <!-- copyNewDWP -->
  <testcase classname="com.dwp.qa.test.LoginPageTest" name="deleteButtonSearch" time="0.003">
    <failure type="java.lang.NullPointerException" message="Cannot invoke &amp;quot;org.openqa.selenium.SearchContext.findElement(org.openqa.selenium.By)&amp;quot; because &amp;quot;this.searchContext&amp;quot; is null">
      <![CDATA[java.lang.NullPointerException: Cannot invoke "org.openqa.selenium.SearchContext.findElement(org.openqa.selenium.By)" because "this.searchContext" is null
at org.openqa.selenium.support.pagefactory.DefaultElementLocator.findElement(DefaultElementLocator.java:68)
at org.openqa.selenium.support.pagefactory.internal.LocatingElementHandler.invoke(LocatingElementHandler.java:38)
at jdk.proxy2/jdk.proxy2.$Proxy13.sendKeys(Unknown Source)
at com.dwp.qa.pages.SearchContextMenu.deleteContextMenuSearch(SearchContextMenu.java:214)
at com.dwp.qa.test.LoginPageTest.deleteButtonSearch(LoginPageTest.java:203)
at java.base/java.util.ArrayList.forEach(ArrayList.java:1511)
... Removed 27 stack frames]]>
    </failure>
  </testcase> <!-- deleteButtonSearch -->
  <testcase classname="com.dwp.qa.test.LoginPageTest" name="draftStatus" time="0.004">
    <failure type="java.lang.NullPointerException" message="Cannot invoke &amp;quot;org.openqa.selenium.SearchContext.findElement(org.openqa.selenium.By)&amp;quot; because &amp;quot;this.searchContext&amp;quot; is null">
      <![CDATA[java.lang.NullPointerException: Cannot invoke "org.openqa.selenium.SearchContext.findElement(org.openqa.selenium.By)" because "this.searchContext" is null
at org.openqa.selenium.support.pagefactory.DefaultElementLocator.findElement(DefaultElementLocator.java:68)
at org.openqa.selenium.support.pagefactory.internal.LocatingElementHandler.invoke(LocatingElementHandler.java:38)
at jdk.proxy2/jdk.proxy2.$Proxy13.sendKeys(Unknown Source)
at com.dwp.qa.pages.RequiredScreen.dwpDraftStatusSearch(RequiredScreen.java:374)
at com.dwp.qa.test.LoginPageTest.draftStatus(LoginPageTest.java:155)
at java.base/java.util.ArrayList.forEach(ArrayList.java:1511)
... Removed 27 stack frames]]>
    </failure>
  </testcase> <!-- draftStatus -->
  <testcase classname="com.dwp.qa.test.LoginPageTest" name="expiredButtonSearch" time="0.003">
    <failure type="java.lang.NullPointerException" message="Cannot invoke &amp;quot;org.openqa.selenium.SearchContext.findElement(org.openqa.selenium.By)&amp;quot; because &amp;quot;this.searchContext&amp;quot; is null">
      <![CDATA[java.lang.NullPointerException: Cannot invoke "org.openqa.selenium.SearchContext.findElement(org.openqa.selenium.By)" because "this.searchContext" is null
at org.openqa.selenium.support.pagefactory.DefaultElementLocator.findElement(DefaultElementLocator.java:68)
at org.openqa.selenium.support.pagefactory.internal.LocatingElementHandler.invoke(LocatingElementHandler.java:38)
at jdk.proxy2/jdk.proxy2.$Proxy13.sendKeys(Unknown Source)
at com.dwp.qa.pages.SearchContextMenu.expiredContextMenuSearch(SearchContextMenu.java:193)
at com.dwp.qa.test.LoginPageTest.expiredButtonSearch(LoginPageTest.java:197)
at java.base/java.util.ArrayList.forEach(ArrayList.java:1511)
... Removed 27 stack frames]]>
    </failure>
  </testcase> <!-- expiredButtonSearch -->
  <testcase classname="com.dwp.qa.test.LoginPageTest" name="expiredStatus" time="0.001">
    <failure type="java.lang.NullPointerException" message="Cannot invoke &amp;quot;org.openqa.selenium.SearchContext.findElement(org.openqa.selenium.By)&amp;quot; because &amp;quot;this.searchContext&amp;quot; is null">
      <![CDATA[java.lang.NullPointerException: Cannot invoke "org.openqa.selenium.SearchContext.findElement(org.openqa.selenium.By)" because "this.searchContext" is null
at org.openqa.selenium.support.pagefactory.DefaultElementLocator.findElement(DefaultElementLocator.java:68)
at org.openqa.selenium.support.pagefactory.internal.LocatingElementHandler.invoke(LocatingElementHandler.java:38)
at jdk.proxy2/jdk.proxy2.$Proxy13.sendKeys(Unknown Source)
at com.dwp.qa.pages.RequiredScreen.dwpExpiredSearch(RequiredScreen.java:404)
at com.dwp.qa.test.LoginPageTest.expiredStatus(LoginPageTest.java:173)
at java.base/java.util.ArrayList.forEach(ArrayList.java:1511)
... Removed 27 stack frames]]>
    </failure>
  </testcase> <!-- expiredStatus -->
  <testcase classname="com.dwp.qa.test.LoginPageTest" name="findChangeRequest" time="0.031"/>
  <testcase classname="com.dwp.qa.test.LoginPageTest" name="itemNameSearch" time="0.002"/>
  <testcase classname="com.dwp.qa.test.LoginPageTest" name="itemNameSearch" time="0.009"/>
  <testcase classname="com.dwp.qa.test.LoginPageTest" name="itemNumberSearch" time="0.011">
    <failure type="java.lang.AssertionError" message="No search results found for item number &amp;apos;00011428&amp;apos; did not expect [0] but found [0]">
      <![CDATA[java.lang.AssertionError: No search results found for item number '00011428' did not expect [0] but found [0]
at com.dwp.qa.test.LoginPageTest.itemNumberSearch(LoginPageTest.java:84)
at java.base/java.util.ArrayList.forEach(ArrayList.java:1511)
... Removed 31 stack frames]]>
    </failure>
  </testcase> <!-- itemNumberSearch -->
  <testcase classname="com.dwp.qa.test.LoginPageTest" name="itemNumberSearch" time="0.029">
    <failure type="java.lang.AssertionError" message="No search results found for item number &amp;apos;00011428&amp;apos; did not expect [0] but found [0]">
      <![CDATA[java.lang.AssertionError: No search results found for item number '00011428' did not expect [0] but found [0]
at com.dwp.qa.test.LoginPageTest.itemNumberSearch(LoginPageTest.java:84)
at java.base/java.util.ArrayList.forEach(ArrayList.java:1511)
... Removed 31 stack frames]]>
    </failure>
  </testcase> <!-- itemNumberSearch -->
  <testcase classname="com.dwp.qa.test.LoginPageTest" name="itemNumberSearch" time="0.006">
    <failure type="java.lang.AssertionError" message="No search results found for item number &amp;apos;00011428&amp;apos; did not expect [0] but found [0]">
      <![CDATA[java.lang.AssertionError: No search results found for item number '00011428' did not expect [0] but found [0]
at com.dwp.qa.test.LoginPageTest.itemNumberSearch(LoginPageTest.java:84)
at java.base/java.util.ArrayList.forEach(ArrayList.java:1511)
... Removed 31 stack frames]]>
    </failure>
  </testcase> <!-- itemNumberSearch -->
  <testcase classname="com.dwp.qa.test.LoginPageTest" name="itemNumberSearch" time="0.027">
    <failure type="java.lang.AssertionError" message="No search results found for item number &amp;apos;00011536&amp;apos; did not expect [0] but found [0]">
      <![CDATA[java.lang.AssertionError: No search results found for item number '00011536' did not expect [0] but found [0]
at com.dwp.qa.test.LoginPageTest.itemNumberSearch(LoginPageTest.java:84)
at java.base/java.util.ArrayList.forEach(ArrayList.java:1511)
... Removed 31 stack frames]]>
    </failure>
  </testcase> <!-- itemNumberSearch -->
  <testcase classname="com.dwp.qa.test.LoginPageTest" name="multiCreate" time="0.001">
    <failure type="java.lang.NullPointerException" message="Cannot invoke &amp;quot;org.openqa.selenium.SearchContext.findElement(org.openqa.selenium.By)&amp;quot; because &amp;quot;this.searchContext&amp;quot; is null">
      <![CDATA[java.lang.NullPointerException: Cannot invoke "org.openqa.selenium.SearchContext.findElement(org.openqa.selenium.By)" because "this.searchContext" is null
at org.openqa.selenium.support.pagefactory.DefaultElementLocator.findElement(DefaultElementLocator.java:68)
at org.openqa.selenium.support.pagefactory.internal.LocatingElementHandler.invoke(LocatingElementHandler.java:38)
at jdk.proxy2/jdk.proxy2.$Proxy13.sendKeys(Unknown Source)
at com.dwp.qa.pages.SearchContextMenu.multiCreateSerach(SearchContextMenu.java:266)
at com.dwp.qa.test.LoginPageTest.multiCreate(LoginPageTest.java:215)
at java.base/java.util.ArrayList.forEach(ArrayList.java:1511)
... Removed 27 stack frames]]>
    </failure>
  </testcase> <!-- multiCreate -->
  <testcase classname="com.dwp.qa.test.LoginPageTest" name="multiUpdate" time="0.111"/>
  <testcase classname="com.dwp.qa.test.LoginPageTest" name="newBlankSearch" time="0.002"/>
  <testcase classname="com.dwp.qa.test.LoginPageTest" name="packagingRequireement" time="0.001">
    <failure type="java.lang.NullPointerException" message="Cannot invoke &amp;quot;org.openqa.selenium.SearchContext.findElement(org.openqa.selenium.By)&amp;quot; because &amp;quot;this.searchContext&amp;quot; is null">
      <![CDATA[java.lang.NullPointerException: Cannot invoke "org.openqa.selenium.SearchContext.findElement(org.openqa.selenium.By)" because "this.searchContext" is null
at org.openqa.selenium.support.pagefactory.DefaultElementLocator.findElement(DefaultElementLocator.java:68)
at org.openqa.selenium.support.pagefactory.internal.LocatingElementHandler.invoke(LocatingElementHandler.java:38)
at jdk.proxy2/jdk.proxy2.$Proxy13.sendKeys(Unknown Source)
at com.dwp.qa.pages.RequiredScreen.packagingRequirementReqSearch(RequiredScreen.java:436)
at com.dwp.qa.test.LoginPageTest.packagingRequireement(LoginPageTest.java:179)
at java.base/java.util.ArrayList.forEach(ArrayList.java:1511)
... Removed 27 stack frames]]>
    </failure>
  </testcase> <!-- packagingRequireement -->
  <testcase classname="com.dwp.qa.test.LoginPageTest" name="preliminaryStatus" time="0.001">
    <failure type="java.lang.NullPointerException" message="Cannot invoke &amp;quot;org.openqa.selenium.SearchContext.findElement(org.openqa.selenium.By)&amp;quot; because &amp;quot;this.searchContext&amp;quot; is null">
      <![CDATA[java.lang.NullPointerException: Cannot invoke "org.openqa.selenium.SearchContext.findElement(org.openqa.selenium.By)" because "this.searchContext" is null
at org.openqa.selenium.support.pagefactory.DefaultElementLocator.findElement(DefaultElementLocator.java:68)
at org.openqa.selenium.support.pagefactory.internal.LocatingElementHandler.invoke(LocatingElementHandler.java:38)
at jdk.proxy2/jdk.proxy2.$Proxy13.sendKeys(Unknown Source)
at com.dwp.qa.pages.RequiredScreen.dwpPreliminarySearch(RequiredScreen.java:386)
at com.dwp.qa.test.LoginPageTest.preliminaryStatus(LoginPageTest.java:161)
at java.base/java.util.ArrayList.forEach(ArrayList.java:1511)
... Removed 27 stack frames]]>
    </failure>
  </testcase> <!-- preliminaryStatus -->
  <testcase classname="com.dwp.qa.test.LoginPageTest" name="productArea" time="0.016">
    <failure type="java.lang.NullPointerException" message="Cannot invoke &amp;quot;org.openqa.selenium.WebDriver.manage()&amp;quot; because &amp;quot;this.driver&amp;quot; is null">
      <![CDATA[java.lang.NullPointerException: Cannot invoke "org.openqa.selenium.WebDriver.manage()" because "this.driver" is null
at com.dwp.qa.test.LoginPageTest.productArea(LoginPageTest.java:119)
at java.base/java.util.ArrayList.forEach(ArrayList.java:1511)
... Removed 27 stack frames]]>
    </failure>
  </testcase> <!-- productArea -->
  <testcase classname="com.dwp.qa.test.LoginPageTest" name="reqIssuerSearch" time="0.002">
    <failure type="java.lang.NullPointerException" message="Cannot invoke &amp;quot;org.openqa.selenium.WebDriver.manage()&amp;quot; because &amp;quot;this.driver&amp;quot; is null">
      <![CDATA[java.lang.NullPointerException: Cannot invoke "org.openqa.selenium.WebDriver.manage()" because "this.driver" is null
at com.dwp.qa.test.LoginPageTest.reqIssuerSearch(LoginPageTest.java:136)
at java.base/java.util.ArrayList.forEach(ArrayList.java:1511)
... Removed 27 stack frames]]>
    </failure>
  </testcase> <!-- reqIssuerSearch -->
  <testcase classname="com.dwp.qa.test.LoginPageTest" name="searchDialogBox" time="0.068">
    <failure type="java.lang.AssertionError" message="No search results found for item number &amp;apos;*g*&amp;apos; did not expect [0] but found [0]">
      <![CDATA[java.lang.AssertionError: No search results found for item number '*g*' did not expect [0] but found [0]
at com.dwp.qa.test.LoginPageTest.searchDialogBox(LoginPageTest.java:99)
at java.base/java.util.ArrayList.forEach(ArrayList.java:1511)
... Removed 31 stack frames]]>
    </failure>
  </testcase> <!-- searchDialogBox -->
  <testcase classname="com.dwp.qa.test.LoginPageTest" name="showActualDWPSearch" time="0.001">
    <failure type="java.lang.NullPointerException" message="Cannot invoke &amp;quot;org.openqa.selenium.SearchContext.findElement(org.openqa.selenium.By)&amp;quot; because &amp;quot;this.searchContext&amp;quot; is null">
      <![CDATA[java.lang.NullPointerException: Cannot invoke "org.openqa.selenium.SearchContext.findElement(org.openqa.selenium.By)" because "this.searchContext" is null
at org.openqa.selenium.support.pagefactory.DefaultElementLocator.findElement(DefaultElementLocator.java:68)
at org.openqa.selenium.support.pagefactory.internal.LocatingElementHandler.invoke(LocatingElementHandler.java:38)
at jdk.proxy2/jdk.proxy2.$Proxy13.sendKeys(Unknown Source)
at com.dwp.qa.pages.SearchContextMenu.showActualDWPContextMenu(SearchContextMenu.java:240)
at com.dwp.qa.test.LoginPageTest.showActualDWPSearch(LoginPageTest.java:209)
at java.base/java.util.ArrayList.forEach(ArrayList.java:1511)
... Removed 27 stack frames]]>
    </failure>
  </testcase> <!-- showActualDWPSearch -->
  <testcase classname="com.dwp.qa.test.LoginPageTest" name="showProductAreaDialog" time="0.002"/>
  <testcase classname="com.dwp.qa.test.LoginPageTest" name="submittedStatus" time="0.001">
    <failure type="java.lang.NullPointerException" message="Cannot invoke &amp;quot;org.openqa.selenium.SearchContext.findElement(org.openqa.selenium.By)&amp;quot; because &amp;quot;this.searchContext&amp;quot; is null">
      <![CDATA[java.lang.NullPointerException: Cannot invoke "org.openqa.selenium.SearchContext.findElement(org.openqa.selenium.By)" because "this.searchContext" is null
at org.openqa.selenium.support.pagefactory.DefaultElementLocator.findElement(DefaultElementLocator.java:68)
at org.openqa.selenium.support.pagefactory.internal.LocatingElementHandler.invoke(LocatingElementHandler.java:38)
at jdk.proxy2/jdk.proxy2.$Proxy13.sendKeys(Unknown Source)
at com.dwp.qa.pages.RequiredScreen.dwpSubmittedSearch(RequiredScreen.java:395)
at com.dwp.qa.test.LoginPageTest.submittedStatus(LoginPageTest.java:167)
at java.base/java.util.ArrayList.forEach(ArrayList.java:1511)
... Removed 27 stack frames]]>
    </failure>
  </testcase> <!-- submittedStatus -->
  <testcase classname="com.dwp.qa.test.LoginPageTest" name="viewMode" time="0.001">
    <failure type="java.lang.NullPointerException" message="Cannot invoke &amp;quot;org.openqa.selenium.SearchContext.findElement(org.openqa.selenium.By)&amp;quot; because &amp;quot;this.searchContext&amp;quot; is null">
      <![CDATA[java.lang.NullPointerException: Cannot invoke "org.openqa.selenium.SearchContext.findElement(org.openqa.selenium.By)" because "this.searchContext" is null
at org.openqa.selenium.support.pagefactory.DefaultElementLocator.findElement(DefaultElementLocator.java:68)
at org.openqa.selenium.support.pagefactory.internal.LocatingElementHandler.invoke(LocatingElementHandler.java:38)
at jdk.proxy2/jdk.proxy2.$Proxy13.sendKeys(Unknown Source)
at com.dwp.qa.pages.SearchContextMenu.openViewMode(SearchContextMenu.java:124)
at com.dwp.qa.test.LoginPageTest.viewMode(LoginPageTest.java:185)
at java.base/java.util.ArrayList.forEach(ArrayList.java:1511)
... Removed 27 stack frames]]>
    </failure>
  </testcase> <!-- viewMode -->
  <testcase classname="com.dwp.qa.test.LoginPageTest" name="submit" time="16.062"/>
  <testcase classname="com.dwp.qa.test.LoginPageTest" name="requiredLoginPage" time="5.634"/>
  <testcase classname="com.dwp.qa.test.LoginPageTest" name="checkExistingRecord" time="38.864"/>
  <testcase classname="com.dwp.qa.test.MultiCreateAndUpdate" name="multiCreate" time="0.003">
    <failure type="java.lang.NullPointerException" message="Cannot invoke &amp;quot;org.openqa.selenium.SearchContext.findElement(org.openqa.selenium.By)&amp;quot; because &amp;quot;this.searchContext&amp;quot; is null">
      <![CDATA[java.lang.NullPointerException: Cannot invoke "org.openqa.selenium.SearchContext.findElement(org.openqa.selenium.By)" because "this.searchContext" is null
at org.openqa.selenium.support.pagefactory.DefaultElementLocator.findElement(DefaultElementLocator.java:68)
at org.openqa.selenium.support.pagefactory.internal.LocatingElementHandler.invoke(LocatingElementHandler.java:38)
at jdk.proxy2/jdk.proxy2.$Proxy13.sendKeys(Unknown Source)
at com.dwp.qa.pages.MultiCreate.multiCreateSearch(MultiCreate.java:27)
at com.dwp.qa.test.MultiCreateAndUpdate.multiCreate(MultiCreateAndUpdate.java:30)
at java.base/java.util.ArrayList.forEach(ArrayList.java:1511)
... Removed 27 stack frames]]>
    </failure>
  </testcase> <!-- multiCreate -->
</testsuite> <!-- Test -->
