<?xml version="1.0" encoding="UTF-8"?>
<!-- Generated by org.testng.reporters.JUnitXMLReporter -->
<testsuite ignored="20" hostname="ITINNOH-DW0095" failures="8" tests="9" name="ItemNumberSearchTest" time="2.567" errors="0" timestamp="2024-04-18T12:54:38 EET">
  <testcase classname="com.dwp.qa.test.LoginPageTest" name="HFB" time="0.002">
    <failure type="java.lang.NullPointerException" message="Cannot invoke &amp;quot;org.openqa.selenium.WebDriver.manage()&amp;quot; because &amp;quot;this.driver&amp;quot; is null">
      <![CDATA[java.lang.NullPointerException: Cannot invoke "org.openqa.selenium.WebDriver.manage()" because "this.driver" is null
at com.dwp.qa.test.LoginPageTest.HFB(LoginPageTest.java:100)
at java.base/java.util.concurrent.ThreadPoolExecutor.runWorker(ThreadPoolExecutor.java:1136)
at java.base/java.util.concurrent.ThreadPoolExecutor$Worker.run(ThreadPoolExecutor.java:635)
at java.base/java.lang.Thread.run(Thread.java:833)
... Removed 12 stack frames]]>
    </failure>
  </testcase> <!-- HFB -->
  <testcase classname="com.dwp.qa.test.LoginPageTest" name="productArea" time="0.003">
    <failure type="java.lang.NullPointerException" message="Cannot invoke &amp;quot;org.openqa.selenium.WebDriver.manage()&amp;quot; because &amp;quot;this.driver&amp;quot; is null">
      <![CDATA[java.lang.NullPointerException: Cannot invoke "org.openqa.selenium.WebDriver.manage()" because "this.driver" is null
at com.dwp.qa.test.LoginPageTest.productArea(LoginPageTest.java:107)
at java.base/java.util.concurrent.ThreadPoolExecutor.runWorker(ThreadPoolExecutor.java:1136)
at java.base/java.util.concurrent.ThreadPoolExecutor$Worker.run(ThreadPoolExecutor.java:635)
at java.base/java.lang.Thread.run(Thread.java:833)
... Removed 12 stack frames]]>
    </failure>
  </testcase> <!-- productArea -->
  <testcase classname="com.dwp.qa.test.LoginPageTest" name="PRU" time="0.106"/>
  <testcase classname="com.dwp.qa.test.LoginPageTest" name="productArea" time="0.081">
    <failure type="java.lang.IllegalArgumentException" message="ScreenCapture path must not be null or empty">
      <![CDATA[java.lang.IllegalArgumentException: ScreenCapture path must not be null or empty
at com.aventstack.extentreports.util.Assert.notEmpty(Assert.java:12)
at com.aventstack.extentreports.ExtentTest.addScreenCaptureFromPath(ExtentTest.java:1099)
at com.dwp.qa.testdata.Listeners.onTestFailure(Listeners.java:48)
at java.base/java.util.concurrent.ThreadPoolExecutor.runWorker(ThreadPoolExecutor.java:1136)
at java.base/java.util.concurrent.ThreadPoolExecutor$Worker.run(ThreadPoolExecutor.java:635)
at java.base/java.lang.Thread.run(Thread.java:833)
... Removed 9 stack frames]]>
    </failure>
  </testcase> <!-- productArea -->
  <testcase classname="com.dwp.qa.test.LoginPageTest" name="HFB" time="0.097">
    <failure type="java.lang.IllegalArgumentException" message="ScreenCapture path must not be null or empty">
      <![CDATA[java.lang.IllegalArgumentException: ScreenCapture path must not be null or empty
at com.aventstack.extentreports.util.Assert.notEmpty(Assert.java:12)
at com.aventstack.extentreports.ExtentTest.addScreenCaptureFromPath(ExtentTest.java:1099)
at com.dwp.qa.testdata.Listeners.onTestFailure(Listeners.java:48)
at java.base/java.util.concurrent.ThreadPoolExecutor.runWorker(ThreadPoolExecutor.java:1136)
at java.base/java.util.concurrent.ThreadPoolExecutor$Worker.run(ThreadPoolExecutor.java:635)
at java.base/java.lang.Thread.run(Thread.java:833)
... Removed 9 stack frames]]>
    </failure>
  </testcase> <!-- HFB -->
  <testcase classname="com.dwp.qa.test.LoginPageTest" name="searchDialogBox" time="0.116">
    <failure type="java.lang.AssertionError" message="No search results found for item number &amp;apos;*g*&amp;apos; did not expect [0] but found [0]">
      <![CDATA[java.lang.AssertionError: No search results found for item number '*g*' did not expect [0] but found [0]
at com.dwp.qa.test.LoginPageTest.searchDialogBox(LoginPageTest.java:87)
at java.base/java.util.concurrent.ThreadPoolExecutor.runWorker(ThreadPoolExecutor.java:1136)
at java.base/java.util.concurrent.ThreadPoolExecutor$Worker.run(ThreadPoolExecutor.java:635)
at java.base/java.lang.Thread.run(Thread.java:833)
... Removed 16 stack frames]]>
    </failure>
  </testcase> <!-- searchDialogBox -->
  <testcase classname="com.dwp.qa.test.LoginPageTest" name="searchDialogBox" time="0.24">
    <failure type="java.lang.IllegalArgumentException" message="ScreenCapture path must not be null or empty">
      <![CDATA[java.lang.IllegalArgumentException: ScreenCapture path must not be null or empty
at com.aventstack.extentreports.util.Assert.notEmpty(Assert.java:12)
at com.aventstack.extentreports.ExtentTest.addScreenCaptureFromPath(ExtentTest.java:1099)
at com.dwp.qa.testdata.Listeners.onTestFailure(Listeners.java:48)
at java.base/java.util.concurrent.ThreadPoolExecutor.runWorker(ThreadPoolExecutor.java:1136)
at java.base/java.util.concurrent.ThreadPoolExecutor$Worker.run(ThreadPoolExecutor.java:635)
at java.base/java.lang.Thread.run(Thread.java:833)
... Removed 9 stack frames]]>
    </failure>
  </testcase> <!-- searchDialogBox -->
  <testcase classname="com.dwp.qa.test.LoginPageTest" name="itemNumberSearch" time="0.005">
    <failure type="java.lang.AssertionError" message="No search results found for item number &amp;apos;00011428&amp;apos; did not expect [0] but found [0]">
      <![CDATA[java.lang.AssertionError: No search results found for item number '00011428' did not expect [0] but found [0]
at com.dwp.qa.test.LoginPageTest.itemNumberSearch(LoginPageTest.java:72)
at java.base/java.util.concurrent.ThreadPoolExecutor.runWorker(ThreadPoolExecutor.java:1136)
at java.base/java.util.concurrent.ThreadPoolExecutor$Worker.run(ThreadPoolExecutor.java:635)
at java.base/java.lang.Thread.run(Thread.java:833)
... Removed 16 stack frames]]>
    </failure>
  </testcase> <!-- itemNumberSearch -->
  <testcase classname="com.dwp.qa.test.LoginPageTest" name="itemNumberSearch" time="2.559">
    <failure type="java.lang.IllegalArgumentException" message="ScreenCapture path must not be null or empty">
      <![CDATA[java.lang.IllegalArgumentException: ScreenCapture path must not be null or empty
at com.aventstack.extentreports.util.Assert.notEmpty(Assert.java:12)
at com.aventstack.extentreports.ExtentTest.addScreenCaptureFromPath(ExtentTest.java:1099)
at com.dwp.qa.testdata.Listeners.onTestFailure(Listeners.java:48)
at java.base/java.util.concurrent.ThreadPoolExecutor.runWorker(ThreadPoolExecutor.java:1136)
at java.base/java.util.concurrent.ThreadPoolExecutor$Worker.run(ThreadPoolExecutor.java:635)
at java.base/java.lang.Thread.run(Thread.java:833)
... Removed 9 stack frames]]>
    </failure>
  </testcase> <!-- itemNumberSearch -->
  <testcase classname="com.dwp.qa.test.LoginPageTest" name="showProductAreaDialog" time="0.0">
    <ignored/>
  </testcase> <!-- showProductAreaDialog -->
  <testcase classname="com.dwp.qa.test.LoginPageTest" name="packagingRequireement" time="0.0">
    <ignored/>
  </testcase> <!-- packagingRequireement -->
  <testcase classname="com.dwp.qa.test.LoginPageTest" name="copyNewDWP" time="0.0">
    <ignored/>
  </testcase> <!-- copyNewDWP -->
  <testcase classname="com.dwp.qa.test.LoginPageTest" name="ItemNameSearch" time="0.0">
    <ignored/>
  </testcase> <!-- ItemNameSearch -->
  <testcase classname="com.dwp.qa.test.LoginPageTest" name="expiredButtonSearch" time="0.0">
    <ignored/>
  </testcase> <!-- expiredButtonSearch -->
  <testcase classname="com.dwp.qa.test.LoginPageTest" name="deleteButtonSearch" time="0.0">
    <ignored/>
  </testcase> <!-- deleteButtonSearch -->
  <testcase classname="com.dwp.qa.test.LoginPageTest" name="newBlankSearch" time="0.0">
    <ignored/>
  </testcase> <!-- newBlankSearch -->
  <testcase classname="com.dwp.qa.test.LoginPageTest" name="preliminaryStatus" time="0.0">
    <ignored/>
  </testcase> <!-- preliminaryStatus -->
  <testcase classname="com.dwp.qa.test.LoginPageTest" name="findChangeRequest" time="0.0">
    <ignored/>
  </testcase> <!-- findChangeRequest -->
  <testcase classname="com.dwp.qa.test.LoginPageTest" name="showActualDWPSearch" time="0.0">
    <ignored/>
  </testcase> <!-- showActualDWPSearch -->
  <testcase classname="com.dwp.qa.test.LoginPageTest" name="contextMenu" time="0.0">
    <ignored/>
  </testcase> <!-- contextMenu -->
  <testcase classname="com.dwp.qa.test.LoginPageTest" name="reqIssuerSearch" time="0.0">
    <ignored/>
  </testcase> <!-- reqIssuerSearch -->
  <testcase classname="com.dwp.qa.test.LoginPageTest" name="viewMode" time="0.0">
    <ignored/>
  </testcase> <!-- viewMode -->
  <testcase classname="com.dwp.qa.test.LoginPageTest" name="multiUpdate" time="0.0">
    <ignored/>
  </testcase> <!-- multiUpdate -->
  <testcase classname="com.dwp.qa.test.LoginPageTest" name="Clear" time="0.0">
    <ignored/>
  </testcase> <!-- Clear -->
  <testcase classname="com.dwp.qa.test.LoginPageTest" name="expiredStatus" time="0.0">
    <ignored/>
  </testcase> <!-- expiredStatus -->
  <testcase classname="com.dwp.qa.test.LoginPageTest" name="submittedStatus" time="0.0">
    <ignored/>
  </testcase> <!-- submittedStatus -->
  <testcase classname="com.dwp.qa.test.LoginPageTest" name="multiCreate" time="0.0">
    <ignored/>
  </testcase> <!-- multiCreate -->
  <testcase classname="com.dwp.qa.test.LoginPageTest" name="submit" time="0.0">
    <ignored/>
  </testcase> <!-- submit -->
  <testcase classname="com.dwp.qa.test.LoginPageTest" name="draftStatus" time="0.0">
    <ignored/>
  </testcase> <!-- draftStatus -->
</testsuite> <!-- ItemNumberSearchTest -->
