<?xml version="1.0" encoding="UTF-8"?>
<!-- Generated by org.testng.reporters.JUnitXMLReporter -->
<testsuite ignored="23" hostname="ITINNOH-DW0095" failures="1" tests="3" name="RequiredScreen" time="39.659" errors="0" timestamp="2024-04-15T11:26:41 EET">
  <testcase classname="com.dwp.qa.test.LoginPageTest" name="submit" time="18.771">
    <failure type="org.openqa.selenium.NoSuchElementException" message="no such element: Unable to locate element: {&amp;quot;method&amp;quot;:&amp;quot;css selector&amp;quot;,&amp;quot;selector&amp;quot;:&amp;quot;a[href=&amp;apos;/Required/Required&amp;apos;]&amp;quot;}
  (Session info: MicrosoftEdge=123.0.2420.97)
For documentation on this error, please visit: https://www.selenium.dev/documentation/webdriver/troubleshooting/errors#no-such-element-exception
Build info: version: &amp;apos;4.16.1&amp;apos;, revision: &amp;apos;9b4c83354e&amp;apos;
System info: os.name: &amp;apos;Windows 10&amp;apos;, os.arch: &amp;apos;amd64&amp;apos;, os.version: &amp;apos;10.0&amp;apos;, java.version: &amp;apos;17.0.8.1&amp;apos;
Driver info: org.openqa.selenium.edge.EdgeDriver
Command: [fdb8e09b322905a4bedd1db26eff417b, findElement {using=css selector, value=a[href=&amp;apos;/Required/Required&amp;apos;]}]
Capabilities {acceptInsecureCerts: false, browserName: MicrosoftEdge, browserVersion: 123.0.2420.97, fedcm:accounts: true, ms:edgeOptions: {debuggerAddress: localhost:53999}, msedge: {msedgedriverVersion: 123.0.2420.97 (ba5f45140663..., userDataDir: C:\Users\PERAV1\AppData\Loc...}, networkConnectionEnabled: false, pageLoadStrategy: normal, platformName: windows, proxy: Proxy(), se:cdp: ws://localhost:53999/devtoo..., se:cdpVersion: 123.0.2420.97, setWindowRect: true, strictFileInteractability: false, timeouts: {implicit: 0, pageLoad: 300000, script: 30000}, unhandledPromptBehavior: dismiss and notify, webauthn:extension:credBlob: true, webauthn:extension:largeBlob: true, webauthn:extension:minPinLength: true, webauthn:extension:prf: true, webauthn:virtualAuthenticators: true}
Session ID: fdb8e09b322905a4bedd1db26eff417b">
      <![CDATA[org.openqa.selenium.NoSuchElementException: no such element: Unable to locate element: {"method":"css selector","selector":"a[href='/Required/Required']"}
  (Session info: MicrosoftEdge=123.0.2420.97)
For documentation on this error, please visit: https://www.selenium.dev/documentation/webdriver/troubleshooting/errors#no-such-element-exception
Build info: version: '4.16.1', revision: '9b4c83354e'
System info: os.name: 'Windows 10', os.arch: 'amd64', os.version: '10.0', java.version: '17.0.8.1'
Driver info: org.openqa.selenium.edge.EdgeDriver
Command: [fdb8e09b322905a4bedd1db26eff417b, findElement {using=css selector, value=a[href='/Required/Required']}]
Capabilities {acceptInsecureCerts: false, browserName: MicrosoftEdge, browserVersion: 123.0.2420.97, fedcm:accounts: true, ms:edgeOptions: {debuggerAddress: localhost:53999}, msedge: {msedgedriverVersion: 123.0.2420.97 (ba5f45140663..., userDataDir: C:\Users\PERAV1\AppData\Loc...}, networkConnectionEnabled: false, pageLoadStrategy: normal, platformName: windows, proxy: Proxy(), se:cdp: ws://localhost:53999/devtoo..., se:cdpVersion: 123.0.2420.97, setWindowRect: true, strictFileInteractability: false, timeouts: {implicit: 0, pageLoad: 300000, script: 30000}, unhandledPromptBehavior: dismiss and notify, webauthn:extension:credBlob: true, webauthn:extension:largeBlob: true, webauthn:extension:minPinLength: true, webauthn:extension:prf: true, webauthn:virtualAuthenticators: true}
Session ID: fdb8e09b322905a4bedd1db26eff417b
at org.openqa.selenium.remote.codec.w3c.W3CHttpResponseCodec.createException(W3CHttpResponseCodec.java:200)
at org.openqa.selenium.remote.codec.w3c.W3CHttpResponseCodec.decode(W3CHttpResponseCodec.java:133)
at org.openqa.selenium.remote.codec.w3c.W3CHttpResponseCodec.decode(W3CHttpResponseCodec.java:52)
at org.openqa.selenium.remote.HttpCommandExecutor.execute(HttpCommandExecutor.java:191)
at org.openqa.selenium.remote.service.DriverCommandExecutor.invokeExecute(DriverCommandExecutor.java:200)
at org.openqa.selenium.remote.service.DriverCommandExecutor.execute(DriverCommandExecutor.java:175)
at org.openqa.selenium.remote.RemoteWebDriver.execute(RemoteWebDriver.java:523)
at org.openqa.selenium.remote.ElementLocation$ElementFinder$2.findElement(ElementLocation.java:165)
at org.openqa.selenium.remote.ElementLocation.findElement(ElementLocation.java:59)
at org.openqa.selenium.remote.RemoteWebDriver.findElement(RemoteWebDriver.java:360)
at org.openqa.selenium.remote.RemoteWebDriver.findElement(RemoteWebDriver.java:354)
at org.openqa.selenium.support.pagefactory.DefaultElementLocator.findElement(DefaultElementLocator.java:68)
at org.openqa.selenium.support.pagefactory.internal.LocatingElementHandler.invoke(LocatingElementHandler.java:38)
at jdk.proxy2/jdk.proxy2.$Proxy13.click(Unknown Source)
at com.dwp.qa.pages.RequiredScreen.RequiredScreenLogin(RequiredScreen.java:120)
at com.dwp.qa.test.LoginPageTest.submit(LoginPageTest.java:45)
at java.base/java.util.ArrayList.forEach(ArrayList.java:1511)
... Removed 32 stack frames]]>
    </failure>
  </testcase> <!-- submit -->
  <testcase classname="com.dwp.qa.test.LoginPageTest" name="ItemNameSearch" time="10.062"/>
  <testcase classname="com.dwp.qa.test.LoginPageTest" name="ItemNameSearch" time="10.083"/>
  <testcase classname="com.dwp.qa.test.LoginPageTest" name="showProductAreaDialog" time="0.0">
    <ignored/>
  </testcase> <!-- showProductAreaDialog -->
  <testcase classname="com.dwp.qa.test.LoginPageTest" name="packagingRequireement" time="0.0">
    <ignored/>
  </testcase> <!-- packagingRequireement -->
  <testcase classname="com.dwp.qa.test.LoginPageTest" name="copyNewDWP" time="0.0">
    <ignored/>
  </testcase> <!-- copyNewDWP -->
  <testcase classname="com.dwp.qa.test.LoginPageTest" name="expiredButtonSearch" time="0.0">
    <ignored/>
  </testcase> <!-- expiredButtonSearch -->
  <testcase classname="com.dwp.qa.test.LoginPageTest" name="productArea" time="0.0">
    <ignored/>
  </testcase> <!-- productArea -->
  <testcase classname="com.dwp.qa.test.LoginPageTest" name="PRU" time="0.0">
    <ignored/>
  </testcase> <!-- PRU -->
  <testcase classname="com.dwp.qa.test.LoginPageTest" name="deleteButtonSearch" time="0.0">
    <ignored/>
  </testcase> <!-- deleteButtonSearch -->
  <testcase classname="com.dwp.qa.test.LoginPageTest" name="newBlankSearch" time="0.0">
    <ignored/>
  </testcase> <!-- newBlankSearch -->
  <testcase classname="com.dwp.qa.test.LoginPageTest" name="preliminaryStatus" time="0.0">
    <ignored/>
  </testcase> <!-- preliminaryStatus -->
  <testcase classname="com.dwp.qa.test.LoginPageTest" name="findChangeRequest" time="0.0">
    <ignored/>
  </testcase> <!-- findChangeRequest -->
  <testcase classname="com.dwp.qa.test.LoginPageTest" name="showActualDWPSearch" time="0.0">
    <ignored/>
  </testcase> <!-- showActualDWPSearch -->
  <testcase classname="com.dwp.qa.test.LoginPageTest" name="contextMenu" time="0.0">
    <ignored/>
  </testcase> <!-- contextMenu -->
  <testcase classname="com.dwp.qa.test.LoginPageTest" name="searchDialogBox" time="0.0">
    <ignored/>
  </testcase> <!-- searchDialogBox -->
  <testcase classname="com.dwp.qa.test.LoginPageTest" name="reqIssuerSearch" time="0.0">
    <ignored/>
  </testcase> <!-- reqIssuerSearch -->
  <testcase classname="com.dwp.qa.test.LoginPageTest" name="viewMode" time="0.0">
    <ignored/>
  </testcase> <!-- viewMode -->
  <testcase classname="com.dwp.qa.test.LoginPageTest" name="multiUpdate" time="0.0">
    <ignored/>
  </testcase> <!-- multiUpdate -->
  <testcase classname="com.dwp.qa.test.LoginPageTest" name="Clear" time="0.0">
    <ignored/>
  </testcase> <!-- Clear -->
  <testcase classname="com.dwp.qa.test.LoginPageTest" name="expiredStatus" time="0.0">
    <ignored/>
  </testcase> <!-- expiredStatus -->
  <testcase classname="com.dwp.qa.test.LoginPageTest" name="itemNumberSearch" time="0.0">
    <ignored/>
  </testcase> <!-- itemNumberSearch -->
  <testcase classname="com.dwp.qa.test.LoginPageTest" name="submittedStatus" time="0.0">
    <ignored/>
  </testcase> <!-- submittedStatus -->
  <testcase classname="com.dwp.qa.test.LoginPageTest" name="multiCreate" time="0.0">
    <ignored/>
  </testcase> <!-- multiCreate -->
  <testcase classname="com.dwp.qa.test.LoginPageTest" name="draftStatus" time="0.0">
    <ignored/>
  </testcase> <!-- draftStatus -->
  <testcase classname="com.dwp.qa.test.LoginPageTest" name="HFB" time="0.0">
    <ignored/>
  </testcase> <!-- HFB -->
</testsuite> <!-- RequiredScreen -->
